<?xml version="1.0" encoding="UTF-8"?>
<testsuite name="Test.FarmingSimulatorTestClass" tests="11" skipped="0" failures="0" errors="0" timestamp="2021-05-22T08:20:35" hostname="roby-XPS-13-9370" time="13.537">
  <properties/>
  <testcase name="testCollision()" classname="Test.FarmingSimulatorTestClass" time="2.43"/>
  <testcase name="testUnlockBlock()" classname="Test.FarmingSimulatorTestClass" time="0.242"/>
  <testcase name="testBuy()" classname="Test.FarmingSimulatorTestClass" time="0.234"/>
  <testcase name="testSaver()" classname="Test.FarmingSimulatorTestClass" time="1.052"/>
  <testcase name="testUnlockBlockWithoutMoney()" classname="Test.FarmingSimulatorTestClass" time="0.176"/>
  <testcase name="testSell()" classname="Test.FarmingSimulatorTestClass" time="2.389"/>
  <testcase name="testSaverPlayer()" classname="Test.FarmingSimulatorTestClass" time="0.887"/>
  <testcase name="testPlayerMovement()" classname="Test.FarmingSimulatorTestClass" time="0.249"/>
  <testcase name="testBuyWithoutMoney()" classname="Test.FarmingSimulatorTestClass" time="0.258"/>
  <testcase name="testPlayerPlant()" classname="Test.FarmingSimulatorTestClass" time="0.257"/>
  <testcase name="testPlayerAnimalInteraction()" classname="Test.FarmingSimulatorTestClass" time="5.339"/>
  <system-out><![CDATA[]]></system-out>
  <system-err><![CDATA[]]></system-err>
</testsuite>
